Array
(
    [order_id] => 123
    [cutomer] => João Gabriel
    [email] => joaogabriel7303@gmail.com
    [total_amount] => 100
)
Array
(
    [order_id] => 123
    [cutomer] => João Gabriel
    [email] => joaogabriel7303@gmail.com
    [total_amount] => 100
)
Array
(
    [order_id] => 123
    [cutomer] => João Gabriel
    [email] => joaogabriel7303@gmail.com
    [total_amount] => 100
)
Array
(
    [order_id] => 123
    [cutomer] => João Gabriel
    [email] => joaogabriel7303@gmail.com
    [total_amount] => 100
)
Array
(
    [order_id] => 123
    [cutomer] => João Gabriel
    [email] => joaogabriel7303@gmail.com
    [total_amount] => 100
)
Array
(
    [order_id] => 123
    [cutomer] => João Gabriel
    [email] => joaogabriel7303@gmail.com
    [total_amount] => 100
)
Array
(
    [order_id] => 123
    [cutomer] => João Gabriel
    [email] => joaogabriel7303@gmail.com
    [total_amount] => 100
)
